<?xml version="1.0" encoding="UTF-8"?>
<!-- Generated by org.testng.reporters.JUnitXMLReporter -->
<testsuite hostname="HDC3-L-6012P1F" ignored="0" name="Test" tests="5" failures="0" timestamp="30 Oct 2017 17:24:21 GMT" time="69.239" errors="0">
  <testcase name="checkResults" time="22.879" classname="testCases.MyTests"/>
  <testcase name="myFirstAPITest1" time="6.874" classname="testCases.APITests"/>
  <testcase name="myFirstAPITest2" time="4.144" classname="testCases.APITests"/>
  <testcase name="myFirstAPITest3" time="20.111" classname="testCases.APITests"/>
  <testcase name="myFirstAPITest4" time="1.895" classname="testCases.APITests"/>
</testsuite> <!-- Test -->
