<?xml version="1.0" encoding="UTF-8"?>
<!-- Generated by org.testng.reporters.JUnitXMLReporter -->
<testsuite hostname="HDC3-L-6012P1F" ignored="0" name="Test" tests="5" failures="0" timestamp="30 Oct 2017 17:26:42 GMT" time="88.796" errors="0">
  <testcase name="checkResults" time="21.083" classname="testCases.MyTests"/>
  <testcase name="myFirstAPITest1" time="11.01" classname="testCases.APITests"/>
  <testcase name="myFirstAPITest2" time="4.876" classname="testCases.APITests"/>
  <testcase name="myFirstAPITest3" time="30.869" classname="testCases.APITests"/>
  <testcase name="myFirstAPITest4" time="2.366" classname="testCases.APITests"/>
</testsuite> <!-- Test -->
