<?xml version="1.0" encoding="UTF-8"?>
<testng-results skipped="0" failed="0" ignored="0" total="1" passed="1">
  <reporter-output>
  </reporter-output>
  <suite name="Suite" duration-ms="31877" started-at="2017-10-28T10:38:50Z" finished-at="2017-10-28T10:39:22Z">
    <groups>
    </groups>
    <test name="Test" duration-ms="31877" started-at="2017-10-28T10:38:50Z" finished-at="2017-10-28T10:39:22Z">
      <class name="testCases.MyTests">
        <test-method status="PASS" signature="launchBrowser()[pri:0, instance:testCases.MyTests@7c0e2abd]" name="launchBrowser" is-config="true" duration-ms="12788" started-at="2017-10-28T16:08:50Z" finished-at="2017-10-28T16:09:03Z">
          <reporter-output>
          </reporter-output>
        </test-method> <!-- launchBrowser -->
        <test-method status="PASS" signature="sum()[pri:0, instance:testCases.MyTests@7c0e2abd]" name="sum" duration-ms="16564" started-at="2017-10-28T16:09:03Z" finished-at="2017-10-28T16:09:19Z">
          <reporter-output>
          </reporter-output>
        </test-method> <!-- sum -->
        <test-method status="PASS" signature="tearDown()[pri:0, instance:testCases.MyTests@7c0e2abd]" name="tearDown" is-config="true" duration-ms="2418" started-at="2017-10-28T16:09:19Z" finished-at="2017-10-28T16:09:22Z">
          <reporter-output>
          </reporter-output>
        </test-method> <!-- tearDown -->
      </class> <!-- testCases.MyTests -->
    </test> <!-- Test -->
  </suite> <!-- Suite -->
</testng-results>
