<?xml version="1.0" encoding="UTF-8"?>
<testng-results skipped="0" failed="0" ignored="0" total="1" passed="1">
  <reporter-output>
  </reporter-output>
  <suite name="Suite" duration-ms="25740" started-at="2017-10-29T08:30:35Z" finished-at="2017-10-29T08:31:01Z">
    <groups>
    </groups>
    <test name="Test" duration-ms="25740" started-at="2017-10-29T08:30:35Z" finished-at="2017-10-29T08:31:01Z">
      <class name="testCases.MyTests">
        <test-method status="PASS" signature="launchBrowser()[pri:0, instance:testCases.MyTests@2ef5e5e3]" name="launchBrowser" is-config="true" duration-ms="15638" started-at="2017-10-29T14:00:35Z" finished-at="2017-10-29T14:00:51Z">
          <reporter-output>
          </reporter-output>
        </test-method> <!-- launchBrowser -->
        <test-method status="PASS" signature="checkResults()[pri:0, instance:testCases.MyTests@2ef5e5e3]" name="checkResults" duration-ms="8143" started-at="2017-10-29T14:00:51Z" finished-at="2017-10-29T14:00:59Z">
          <reporter-output>
          </reporter-output>
        </test-method> <!-- checkResults -->
        <test-method status="PASS" signature="tearDown()[pri:0, instance:testCases.MyTests@2ef5e5e3]" name="tearDown" is-config="true" duration-ms="1832" started-at="2017-10-29T14:00:59Z" finished-at="2017-10-29T14:01:01Z">
          <reporter-output>
          </reporter-output>
        </test-method> <!-- tearDown -->
      </class> <!-- testCases.MyTests -->
    </test> <!-- Test -->
  </suite> <!-- Suite -->
</testng-results>
